<?xml version="1.0" encoding="UTF-8"?>
<!-- Generated by org.testng.reporters.JUnitXMLReporter -->
<testsuite hostname="Sarang-Notebook" ignored="0" name="Default test" tests="2" failures="0" timestamp="21 May 2020 16:00:55 GMT" time="56.893" errors="0">
  <testcase name="verifyNewAccountCreatedTest" time="3.697" classname="com.qa.amazonin.tests.CreateNewAccountPageTest"/>
  <testcase name="verifyNewAccountCreatedTest" time="3.533" classname="com.qa.amazonin.tests.CreateNewAccountPageTest"/>
</testsuite> <!-- Default test -->
