<?xml version="1.0" encoding="UTF-8"?>
<!-- Generated by org.testng.reporters.JUnitXMLReporter -->
<testsuite hostname="Sarang-Notebook" ignored="0" name="Test" tests="1" failures="1" timestamp="21 May 2020 15:09:25 GMT" time="0.159" errors="0">
  <testcase name="verifyNewAccountCreatedTest" time="0.0" classname="com.qa.amazonin.tests.CreateNewAccountPageTest">
    <failure type="org.testng.TestNGException" message="
Cannot inject @Test annotated Method [verifyNewAccountCreatedTest] with [class java.lang.String, class java.lang.String, class java.lang.String, class java.lang.String].
For more information on native dependency injection please refer to http://testng.org/doc/documentation-main.html#native-dependency-injection">
      <![CDATA[org.testng.TestNGException: 
Cannot inject @Test annotated Method [verifyNewAccountCreatedTest] with [class java.lang.String, class java.lang.String, class java.lang.String, class java.lang.String].
For more information on native dependency injection please refer to http://testng.org/doc/documentation-main.html#native-dependency-injection
... Removed 24 stack frames]]>
    </failure>
  </testcase> <!-- verifyNewAccountCreatedTest -->
</testsuite> <!-- Test -->
