<?xml version="1.0" encoding="UTF-8"?>
<testng-results skipped="0" failed="0" ignored="0" total="2" passed="2">
  <reporter-output>
  </reporter-output>
  <suite name="Default suite" duration-ms="56893" started-at="2020-05-21T15:59:58Z" finished-at="2020-05-21T16:00:55Z">
    <groups>
    </groups>
    <test name="Default test" duration-ms="56893" started-at="2020-05-21T15:59:58Z" finished-at="2020-05-21T16:00:55Z">
      <class name="com.qa.amazonin.tests.CreateNewAccountPageTest">
        <test-method status="PASS" signature="setUpCreateNewAccountPageTest(java.lang.String)[pri:0, instance:com.qa.amazonin.tests.CreateNewAccountPageTest@27c86f2d]" name="setUpCreateNewAccountPageTest" is-config="true" duration-ms="26227" started-at="2020-05-21T15:59:59Z" finished-at="2020-05-21T16:00:25Z">
          <params>
            <param index="0">
              <value>
                <![CDATA[Chrome]]>
              </value>
            </param>
          </params>
          <reporter-output>
          </reporter-output>
        </test-method> <!-- setUpCreateNewAccountPageTest -->
        <test-method status="PASS" signature="verifyNewAccountCreatedTest(java.lang.String, java.lang.String, java.lang.String, java.lang.String)[pri:0, instance:com.qa.amazonin.tests.CreateNewAccountPageTest@27c86f2d]" name="verifyNewAccountCreatedTest" duration-ms="3697" started-at="2020-05-21T16:00:25Z" data-provider="NewCustomerData" finished-at="2020-05-21T16:00:29Z">
          <params>
            <param index="0">
              <value>
                <![CDATA[Tom Peter]]>
              </value>
            </param>
            <param index="1">
              <value>
                <![CDATA[7.889456512E9]]>
              </value>
            </param>
            <param index="2">
              <value>
                <![CDATA[tompeter@gmail.com]]>
              </value>
            </param>
            <param index="3">
              <value>
                <![CDATA[asdfqwer123]]>
              </value>
            </param>
          </params>
          <reporter-output>
          </reporter-output>
        </test-method> <!-- verifyNewAccountCreatedTest -->
        <test-method status="PASS" signature="tearDownCreateNewAccountPageTest()[pri:0, instance:com.qa.amazonin.tests.CreateNewAccountPageTest@27c86f2d]" name="tearDownCreateNewAccountPageTest" is-config="true" duration-ms="942" started-at="2020-05-21T16:00:29Z" finished-at="2020-05-21T16:00:30Z">
          <reporter-output>
          </reporter-output>
        </test-method> <!-- tearDownCreateNewAccountPageTest -->
        <test-method status="PASS" signature="setUpCreateNewAccountPageTest(java.lang.String)[pri:0, instance:com.qa.amazonin.tests.CreateNewAccountPageTest@27c86f2d]" name="setUpCreateNewAccountPageTest" is-config="true" duration-ms="20526" started-at="2020-05-21T16:00:30Z" finished-at="2020-05-21T16:00:50Z">
          <params>
            <param index="0">
              <value>
                <![CDATA[Chrome]]>
              </value>
            </param>
          </params>
          <reporter-output>
          </reporter-output>
        </test-method> <!-- setUpCreateNewAccountPageTest -->
        <test-method status="PASS" signature="verifyNewAccountCreatedTest(java.lang.String, java.lang.String, java.lang.String, java.lang.String)[pri:0, instance:com.qa.amazonin.tests.CreateNewAccountPageTest@27c86f2d]" name="verifyNewAccountCreatedTest" duration-ms="3533" started-at="2020-05-21T16:00:50Z" data-provider="NewCustomerData" finished-at="2020-05-21T16:00:54Z">
          <params>
            <param index="0">
              <value>
                <![CDATA[David Berg]]>
              </value>
            </param>
            <param index="1">
              <value>
                <![CDATA[4.578565512E9]]>
              </value>
            </param>
            <param index="2">
              <value>
                <![CDATA[davidberg@gmail.com]]>
              </value>
            </param>
            <param index="3">
              <value>
                <![CDATA[sdas12231asd]]>
              </value>
            </param>
          </params>
          <reporter-output>
          </reporter-output>
        </test-method> <!-- verifyNewAccountCreatedTest -->
        <test-method status="PASS" signature="tearDownCreateNewAccountPageTest()[pri:0, instance:com.qa.amazonin.tests.CreateNewAccountPageTest@27c86f2d]" name="tearDownCreateNewAccountPageTest" is-config="true" duration-ms="922" started-at="2020-05-21T16:00:54Z" finished-at="2020-05-21T16:00:55Z">
          <reporter-output>
          </reporter-output>
        </test-method> <!-- tearDownCreateNewAccountPageTest -->
      </class> <!-- com.qa.amazonin.tests.CreateNewAccountPageTest -->
    </test> <!-- Default test -->
  </suite> <!-- Default suite -->
</testng-results>
